<?xml version="1.0" encoding="UTF-8"?>
<!-- Generated by org.testng.reporters.JUnitReportReporter -->
<testsuite skipped="0" hostname="MSI" name="org.test.Ng" tests="3" failures="0" timestamp="06 Mar 2021 06:01:48 GMT" time="0.004" errors="0">
  <testcase name="who" time="0.002" classname="org.test.Ng"/>
  <testcase name="genesis" time="0.001" classname="org.test.Ng"/>
  <testcase name="lession" time="0.001" classname="org.test.Ng"/>
</testsuite> <!-- org.test.Ng -->
